Performing C SOURCE FILE Test CMAKE_HAVE_LIBC_PTHREAD failed with the following output:
Change Dir: /home/arslanali/quadrotor-simulation/hector_quadrotor_opencv/build/CMakeFiles/CMakeTmp

Run Build Command(s):/usr/bin/make cmTC_453d8/fast && /usr/bin/make -f CMakeFiles/cmTC_453d8.dir/build.make CMakeFiles/cmTC_453d8.dir/build
make[1]: Entering directory '/home/arslanali/quadrotor-simulation/hector_quadrotor_opencv/build/CMakeFiles/CMakeTmp'
Building C object CMakeFiles/cmTC_453d8.dir/src.c.o
/usr/bin/cc   -DCMAKE_HAVE_LIBC_PTHREAD   -o CMakeFiles/cmTC_453d8.dir/src.c.o   -c /home/arslanali/quadrotor-simulation/hector_quadrotor_opencv/build/CMakeFiles/CMakeTmp/src.c
Linking C executable cmTC_453d8
/opt/clion-2019.3.4/bin/cmake/linux/bin/cmake -E cmake_link_script CMakeFiles/cmTC_453d8.dir/link.txt --verbose=1
/usr/bin/cc  -DCMAKE_HAVE_LIBC_PTHREAD    -rdynamic CMakeFiles/cmTC_453d8.dir/src.c.o  -o cmTC_453d8 
CMakeFiles/cmTC_453d8.dir/src.c.o: In function `main':
src.c:(.text+0x3c): undefined reference to `pthread_create'
src.c:(.text+0x48): undefined reference to `pthread_detach'
src.c:(.text+0x59): undefined reference to `pthread_join'
src.c:(.text+0x6d): undefined reference to `pthread_atfork'
collect2: error: ld returned 1 exit status
CMakeFiles/cmTC_453d8.dir/build.make:86: recipe for target 'cmTC_453d8' failed
make[1]: *** [cmTC_453d8] Error 1
make[1]: Leaving directory '/home/arslanali/quadrotor-simulation/hector_quadrotor_opencv/build/CMakeFiles/CMakeTmp'
Makefile:121: recipe for target 'cmTC_453d8/fast' failed
make: *** [cmTC_453d8/fast] Error 2


Source file was:
#include <pthread.h>

void* test_func(void* data)
{
  return data;
}

int main(void)
{
  pthread_t thread;
  pthread_create(&thread, NULL, test_func, NULL);
  pthread_detach(thread);
  pthread_join(thread, NULL);
  pthread_atfork(NULL, NULL, NULL);
  pthread_exit(NULL);

  return 0;
}

Determining if the function pthread_create exists in the pthreads failed with the following output:
Change Dir: /home/arslanali/quadrotor-simulation/hector_quadrotor_opencv/build/CMakeFiles/CMakeTmp

Run Build Command(s):/usr/bin/make cmTC_df54a/fast && /usr/bin/make -f CMakeFiles/cmTC_df54a.dir/build.make CMakeFiles/cmTC_df54a.dir/build
make[1]: Entering directory '/home/arslanali/quadrotor-simulation/hector_quadrotor_opencv/build/CMakeFiles/CMakeTmp'
Building C object CMakeFiles/cmTC_df54a.dir/CheckFunctionExists.c.o
/usr/bin/cc   -DCHECK_FUNCTION_EXISTS=pthread_create   -o CMakeFiles/cmTC_df54a.dir/CheckFunctionExists.c.o   -c /opt/clion-2019.3.4/bin/cmake/linux/share/cmake-3.15/Modules/CheckFunctionExists.c
Linking C executable cmTC_df54a
/opt/clion-2019.3.4/bin/cmake/linux/bin/cmake -E cmake_link_script CMakeFiles/cmTC_df54a.dir/link.txt --verbose=1
/usr/bin/cc  -DCHECK_FUNCTION_EXISTS=pthread_create    -rdynamic CMakeFiles/cmTC_df54a.dir/CheckFunctionExists.c.o  -o cmTC_df54a -lpthreads 
/usr/bin/ld: cannot find -lpthreads
collect2: error: ld returned 1 exit status
CMakeFiles/cmTC_df54a.dir/build.make:86: recipe for target 'cmTC_df54a' failed
make[1]: *** [cmTC_df54a] Error 1
make[1]: Leaving directory '/home/arslanali/quadrotor-simulation/hector_quadrotor_opencv/build/CMakeFiles/CMakeTmp'
Makefile:121: recipe for target 'cmTC_df54a/fast' failed
make: *** [cmTC_df54a/fast] Error 2



