Determining if the pthread_create exist failed with the following output:
Change Dir: /home/arslanali/quadrotor-simulation/build/CMakeFiles/CMakeTmp

Run Build Command:"/usr/bin/make" "cmTC_5566d/fast"
/usr/bin/make -f CMakeFiles/cmTC_5566d.dir/build.make CMakeFiles/cmTC_5566d.dir/build
make[1]: Entering directory '/home/arslanali/quadrotor-simulation/build/CMakeFiles/CMakeTmp'
Building C object CMakeFiles/cmTC_5566d.dir/CheckSymbolExists.c.o
/usr/bin/cc     -o CMakeFiles/cmTC_5566d.dir/CheckSymbolExists.c.o   -c /home/arslanali/quadrotor-simulation/build/CMakeFiles/CMakeTmp/CheckSymbolExists.c
Linking C executable cmTC_5566d
/usr/bin/cmake -E cmake_link_script CMakeFiles/cmTC_5566d.dir/link.txt --verbose=1
/usr/bin/cc       CMakeFiles/cmTC_5566d.dir/CheckSymbolExists.c.o  -o cmTC_5566d -rdynamic 
CMakeFiles/cmTC_5566d.dir/CheckSymbolExists.c.o: In function `main':
CheckSymbolExists.c:(.text+0x16): undefined reference to `pthread_create'
collect2: error: ld returned 1 exit status
CMakeFiles/cmTC_5566d.dir/build.make:97: recipe for target 'cmTC_5566d' failed
make[1]: *** [cmTC_5566d] Error 1
make[1]: Leaving directory '/home/arslanali/quadrotor-simulation/build/CMakeFiles/CMakeTmp'
Makefile:126: recipe for target 'cmTC_5566d/fast' failed
make: *** [cmTC_5566d/fast] Error 2

File /home/arslanali/quadrotor-simulation/build/CMakeFiles/CMakeTmp/CheckSymbolExists.c:
/* */
#include <pthread.h>

int main(int argc, char** argv)
{
  (void)argv;
#ifndef pthread_create
  return ((int*)(&pthread_create))[argc];
#else
  (void)argc;
  return 0;
#endif
}

Determining if the function pthread_create exists in the pthreads failed with the following output:
Change Dir: /home/arslanali/quadrotor-simulation/build/CMakeFiles/CMakeTmp

Run Build Command:"/usr/bin/make" "cmTC_a5f46/fast"
/usr/bin/make -f CMakeFiles/cmTC_a5f46.dir/build.make CMakeFiles/cmTC_a5f46.dir/build
make[1]: Entering directory '/home/arslanali/quadrotor-simulation/build/CMakeFiles/CMakeTmp'
Building C object CMakeFiles/cmTC_a5f46.dir/CheckFunctionExists.c.o
/usr/bin/cc    -DCHECK_FUNCTION_EXISTS=pthread_create   -o CMakeFiles/cmTC_a5f46.dir/CheckFunctionExists.c.o   -c /usr/share/cmake-3.5/Modules/CheckFunctionExists.c
Linking C executable cmTC_a5f46
/usr/bin/cmake -E cmake_link_script CMakeFiles/cmTC_a5f46.dir/link.txt --verbose=1
/usr/bin/cc   -DCHECK_FUNCTION_EXISTS=pthread_create    CMakeFiles/cmTC_a5f46.dir/CheckFunctionExists.c.o  -o cmTC_a5f46 -rdynamic -lpthreads 
/usr/bin/ld: cannot find -lpthreads
collect2: error: ld returned 1 exit status
CMakeFiles/cmTC_a5f46.dir/build.make:97: recipe for target 'cmTC_a5f46' failed
make[1]: *** [cmTC_a5f46] Error 1
make[1]: Leaving directory '/home/arslanali/quadrotor-simulation/build/CMakeFiles/CMakeTmp'
Makefile:126: recipe for target 'cmTC_a5f46/fast' failed
make: *** [cmTC_a5f46/fast] Error 2


Determining if the Q_WS_WIN exist failed with the following output:
Change Dir: /home/arslanali/quadrotor-simulation/build/CMakeFiles/CMakeTmp

Run Build Command:"/usr/bin/make" "cmTC_ee768/fast"
/usr/bin/make -f CMakeFiles/cmTC_ee768.dir/build.make CMakeFiles/cmTC_ee768.dir/build
make[1]: Entering directory '/home/arslanali/quadrotor-simulation/build/CMakeFiles/CMakeTmp'
Building CXX object CMakeFiles/cmTC_ee768.dir/CheckSymbolExists.cxx.o
/usr/bin/c++    -I/usr/include/qt4   -o CMakeFiles/cmTC_ee768.dir/CheckSymbolExists.cxx.o -c /home/arslanali/quadrotor-simulation/build/CMakeFiles/CMakeTmp/CheckSymbolExists.cxx
/home/arslanali/quadrotor-simulation/build/CMakeFiles/CMakeTmp/CheckSymbolExists.cxx: In function ‘int main(int, char**)’:
/home/arslanali/quadrotor-simulation/build/CMakeFiles/CMakeTmp/CheckSymbolExists.cxx:8:19: error: ‘Q_WS_WIN’ was not declared in this scope
   return ((int*)(&Q_WS_WIN))[argc];
                   ^
CMakeFiles/cmTC_ee768.dir/build.make:65: recipe for target 'CMakeFiles/cmTC_ee768.dir/CheckSymbolExists.cxx.o' failed
make[1]: *** [CMakeFiles/cmTC_ee768.dir/CheckSymbolExists.cxx.o] Error 1
make[1]: Leaving directory '/home/arslanali/quadrotor-simulation/build/CMakeFiles/CMakeTmp'
Makefile:126: recipe for target 'cmTC_ee768/fast' failed
make: *** [cmTC_ee768/fast] Error 2

File /home/arslanali/quadrotor-simulation/build/CMakeFiles/CMakeTmp/CheckSymbolExists.cxx:
/* */
#include <QtCore/qglobal.h>

int main(int argc, char** argv)
{
  (void)argv;
#ifndef Q_WS_WIN
  return ((int*)(&Q_WS_WIN))[argc];
#else
  (void)argc;
  return 0;
#endif
}

Determining if the Q_WS_QWS exist failed with the following output:
Change Dir: /home/arslanali/quadrotor-simulation/build/CMakeFiles/CMakeTmp

Run Build Command:"/usr/bin/make" "cmTC_637fe/fast"
/usr/bin/make -f CMakeFiles/cmTC_637fe.dir/build.make CMakeFiles/cmTC_637fe.dir/build
make[1]: Entering directory '/home/arslanali/quadrotor-simulation/build/CMakeFiles/CMakeTmp'
Building CXX object CMakeFiles/cmTC_637fe.dir/CheckSymbolExists.cxx.o
/usr/bin/c++    -I/usr/include/qt4   -o CMakeFiles/cmTC_637fe.dir/CheckSymbolExists.cxx.o -c /home/arslanali/quadrotor-simulation/build/CMakeFiles/CMakeTmp/CheckSymbolExists.cxx
/home/arslanali/quadrotor-simulation/build/CMakeFiles/CMakeTmp/CheckSymbolExists.cxx: In function ‘int main(int, char**)’:
/home/arslanali/quadrotor-simulation/build/CMakeFiles/CMakeTmp/CheckSymbolExists.cxx:8:19: error: ‘Q_WS_QWS’ was not declared in this scope
   return ((int*)(&Q_WS_QWS))[argc];
                   ^
CMakeFiles/cmTC_637fe.dir/build.make:65: recipe for target 'CMakeFiles/cmTC_637fe.dir/CheckSymbolExists.cxx.o' failed
make[1]: *** [CMakeFiles/cmTC_637fe.dir/CheckSymbolExists.cxx.o] Error 1
make[1]: Leaving directory '/home/arslanali/quadrotor-simulation/build/CMakeFiles/CMakeTmp'
Makefile:126: recipe for target 'cmTC_637fe/fast' failed
make: *** [cmTC_637fe/fast] Error 2

File /home/arslanali/quadrotor-simulation/build/CMakeFiles/CMakeTmp/CheckSymbolExists.cxx:
/* */
#include <QtCore/qglobal.h>

int main(int argc, char** argv)
{
  (void)argv;
#ifndef Q_WS_QWS
  return ((int*)(&Q_WS_QWS))[argc];
#else
  (void)argc;
  return 0;
#endif
}

Determining if the Q_WS_MAC exist failed with the following output:
Change Dir: /home/arslanali/quadrotor-simulation/build/CMakeFiles/CMakeTmp

Run Build Command:"/usr/bin/make" "cmTC_5c91b/fast"
/usr/bin/make -f CMakeFiles/cmTC_5c91b.dir/build.make CMakeFiles/cmTC_5c91b.dir/build
make[1]: Entering directory '/home/arslanali/quadrotor-simulation/build/CMakeFiles/CMakeTmp'
Building CXX object CMakeFiles/cmTC_5c91b.dir/CheckSymbolExists.cxx.o
/usr/bin/c++    -I/usr/include/qt4   -o CMakeFiles/cmTC_5c91b.dir/CheckSymbolExists.cxx.o -c /home/arslanali/quadrotor-simulation/build/CMakeFiles/CMakeTmp/CheckSymbolExists.cxx
/home/arslanali/quadrotor-simulation/build/CMakeFiles/CMakeTmp/CheckSymbolExists.cxx: In function ‘int main(int, char**)’:
/home/arslanali/quadrotor-simulation/build/CMakeFiles/CMakeTmp/CheckSymbolExists.cxx:8:19: error: ‘Q_WS_MAC’ was not declared in this scope
   return ((int*)(&Q_WS_MAC))[argc];
                   ^
CMakeFiles/cmTC_5c91b.dir/build.make:65: recipe for target 'CMakeFiles/cmTC_5c91b.dir/CheckSymbolExists.cxx.o' failed
make[1]: *** [CMakeFiles/cmTC_5c91b.dir/CheckSymbolExists.cxx.o] Error 1
make[1]: Leaving directory '/home/arslanali/quadrotor-simulation/build/CMakeFiles/CMakeTmp'
Makefile:126: recipe for target 'cmTC_5c91b/fast' failed
make: *** [cmTC_5c91b/fast] Error 2

File /home/arslanali/quadrotor-simulation/build/CMakeFiles/CMakeTmp/CheckSymbolExists.cxx:
/* */
#include <QtCore/qglobal.h>

int main(int argc, char** argv)
{
  (void)argv;
#ifndef Q_WS_MAC
  return ((int*)(&Q_WS_MAC))[argc];
#else
  (void)argc;
  return 0;
#endif
}

